[    0.000000] Initializing cgroup subsys cpuset
[    0.000000] Initializing cgroup subsys cpu
[    0.000000] Initializing cgroup subsys cpuacct
[    0.000000] Linux version 4.4.0-170-generic (buildd@lcy01-amd64-019) (gcc version 5.4.0 20160609 (Ubuntu 5.4.0-6ubuntu1~16.04.12) ) #199-Ubuntu SMP Thu Nov 14 01:45:04 UTC 2019 (Ubuntu 4.4.0-170.199-generic 4.4.200)
[    0.000000] Command line: BOOT_IMAGE=/boot/vmlinuz-4.4.0-170-generic root=LABEL=cloudimg-rootfs ro console=tty1 console=ttyS0
[    0.000000] KERNEL supported cpus:
[    0.000000]   Intel GenuineIntel
[    0.000000]   AMD AuthenticAMD
[    0.000000]   Centaur CentaurHauls
[    0.000000] x86/fpu: xstate_offset[2]:  576, xstate_sizes[2]:  256
[    0.000000] x86/fpu: Supporting XSAVE feature 0x01: 'x87 floating point registers'
[    0.000000] x86/fpu: Supporting XSAVE feature 0x02: 'SSE registers'
[    0.000000] x86/fpu: Supporting XSAVE feature 0x04: 'AVX registers'
[    0.000000] x86/fpu: Enabled xstate features 0x7, context size is 832 bytes, using 'standard' format.
[    0.000000] e820: BIOS-provided physical RAM map:
[    0.000000] BIOS-e820: [mem 0x0000000000000000-0x000000000009fbff] usable
[    0.000000] BIOS-e820: [mem 0x000000000009fc00-0x000000000009ffff] reserved
[    0.000000] BIOS-e820: [mem 0x00000000000f0000-0x00000000000fffff] reserved
[    0.000000] BIOS-e820: [mem 0x0000000000100000-0x000000007ffeffff] usable
[    0.000000] BIOS-e820: [mem 0x000000007fff0000-0x000000007fffffff] ACPI data
[    0.000000] BIOS-e820: [mem 0x00000000fec00000-0x00000000fec00fff] reserved
[    0.000000] BIOS-e820: [mem 0x00000000fee00000-0x00000000fee00fff] reserved
[    0.000000] BIOS-e820: [mem 0x00000000fffc0000-0x00000000ffffffff] reserved
[    0.000000] NX (Execute Disable) protection: active
[    0.000000] SMBIOS 2.5 present.
[    0.000000] Hypervisor detected: KVM
[    0.000000] e820: last_pfn = 0x7fff0 max_arch_pfn = 0x400000000
[    0.000000] MTRR: Disabled
[    0.000000] x86/PAT: MTRRs disabled, skipping PAT initialization too.
[    0.000000] CPU MTRRs all blank - virtualized system.
[    0.000000] x86/PAT: Configuration [0-7]: WB  WT  UC- UC  WB  WT  UC- UC  
[    0.000000] found SMP MP-table at [mem 0x0009fff0-0x0009ffff] mapped at [ffff88000009fff0]
[    0.000000] Scanning 1 areas for low memory corruption
[    0.000000] RAMDISK: [mem 0x362fa000-0x37174fff]
[    0.000000] ACPI: Early table checksum verification disabled
[    0.000000] ACPI: RSDP 0x00000000000E0000 000024 (v02 VBOX  )
[    0.000000] ACPI: XSDT 0x000000007FFF0030 00003C (v01 VBOX   VBOXXSDT 00000001 ASL  00000061)
[    0.000000] ACPI: FACP 0x000000007FFF00F0 0000F4 (v04 VBOX   VBOXFACP 00000001 ASL  00000061)
[    0.000000] ACPI: DSDT 0x000000007FFF0470 0022EA (v02 VBOX   VBOXBIOS 00000002 INTL 20100528)
[    0.000000] ACPI: FACS 0x000000007FFF0200 000040
[    0.000000] ACPI: FACS 0x000000007FFF0200 000040
[    0.000000] ACPI: APIC 0x000000007FFF0240 00005C (v02 VBOX   VBOXAPIC 00000001 ASL  00000061)
[    0.000000] ACPI: SSDT 0x000000007FFF02A0 0001CC (v01 VBOX   VBOXCPUT 00000002 INTL 20100528)
[    0.000000] No NUMA configuration found
[    0.000000] Faking a node at [mem 0x0000000000000000-0x000000007ffeffff]
[    0.000000] NODE_DATA(0) allocated [mem 0x7ffeb000-0x7ffeffff]
[    0.000000] kvm-clock: Using msrs 4b564d01 and 4b564d00
[    0.000000] kvm-clock: cpu 0, msr 0:7ffe3001, primary cpu clock
[    0.000000] kvm-clock: using sched offset of 3500631959 cycles
[    0.000000] clocksource: kvm-clock: mask: 0xffffffffffffffff max_cycles: 0x1cd42e4dffb, max_idle_ns: 881590591483 ns
[    0.000000] Zone ranges:
[    0.000000]   DMA      [mem 0x0000000000001000-0x0000000000ffffff]
[    0.000000]   DMA32    [mem 0x0000000001000000-0x000000007ffeffff]
[    0.000000]   Normal   empty
[    0.000000]   Device   empty
[    0.000000] Movable zone start for each node
[    0.000000] Early memory node ranges
[    0.000000]   node   0: [mem 0x0000000000001000-0x000000000009efff]
[    0.000000]   node   0: [mem 0x0000000000100000-0x000000007ffeffff]
[    0.000000] Initmem setup node 0 [mem 0x0000000000001000-0x000000007ffeffff]
[    0.000000] ACPI: PM-Timer IO Port: 0x4008
[    0.000000] IOAPIC[0]: apic_id 2, version 32, address 0xfec00000, GSI 0-23
[    0.000000] ACPI: INT_SRC_OVR (bus 0 bus_irq 0 global_irq 2 dfl dfl)
[    0.000000] ACPI: INT_SRC_OVR (bus 0 bus_irq 9 global_irq 9 low level)
[    0.000000] Using ACPI (MADT) for SMP configuration information
[    0.000000] smpboot: Allowing 2 CPUs, 0 hotplug CPUs
[    0.000000] PM: Registered nosave memory: [mem 0x00000000-0x00000fff]
[    0.000000] PM: Registered nosave memory: [mem 0x0009f000-0x0009ffff]
[    0.000000] PM: Registered nosave memory: [mem 0x000a0000-0x000effff]
[    0.000000] PM: Registered nosave memory: [mem 0x000f0000-0x000fffff]
[    0.000000] e820: [mem 0x80000000-0xfebfffff] available for PCI devices
[    0.000000] Booting paravirtualized kernel on KVM
[    0.000000] clocksource: refined-jiffies: mask: 0xffffffff max_cycles: 0xffffffff, max_idle_ns: 7645519600211568 ns
[    0.000000] setup_percpu: NR_CPUS:512 nr_cpumask_bits:512 nr_cpu_ids:2 nr_node_ids:1
[    0.000000] PERCPU: Embedded 33 pages/cpu @ffff88007fc00000 s95448 r8192 d31528 u1048576
[    0.000000] Built 1 zonelists in Node order, mobility grouping on.  Total pages: 515960
[    0.000000] Policy zone: DMA32
[    0.000000] Kernel command line: BOOT_IMAGE=/boot/vmlinuz-4.4.0-170-generic root=LABEL=cloudimg-rootfs ro console=tty1 console=ttyS0
[    0.000000] PID hash table entries: 4096 (order: 3, 32768 bytes)
[    0.000000] Memory: 2029920K/2096696K available (8626K kernel code, 1336K rwdata, 4036K rodata, 1488K init, 1288K bss, 66776K reserved, 0K cma-reserved)
[    0.000000] SLUB: HWalign=64, Order=0-3, MinObjects=0, CPUs=2, Nodes=1
[    0.000000] Kernel/User page tables isolation: enabled
[    0.000000] Hierarchical RCU implementation.
[    0.000000] 	Build-time adjustment of leaf fanout to 64.
[    0.000000] 	RCU restricting CPUs from NR_CPUS=512 to nr_cpu_ids=2.
[    0.000000] RCU: Adjusting geometry for rcu_fanout_leaf=64, nr_cpu_ids=2
[    0.000000] NR_IRQS:33024 nr_irqs:440 16
[    0.000000] Console: colour VGA+ 80x25
[    0.000000] console [tty1] enabled
[    0.000000] console [ttyS0] enabled
[    0.000000] tsc: Detected 2592.000 MHz processor
[    0.203049] Calibrating delay loop (skipped) preset value.. 5184.00 BogoMIPS (lpj=10368000)
[    0.205627] pid_max: default: 32768 minimum: 301
[    0.206834] ACPI: Core revision 20150930
[    0.208624] ACPI: 2 ACPI AML tables successfully acquired and loaded
[    0.210284] Security Framework initialized
[    0.211351] Yama: becoming mindful.
[    0.212253] AppArmor: AppArmor initialized
[    0.214958] Dentry cache hash table entries: 262144 (order: 9, 2097152 bytes)
[    0.217555] Inode-cache hash table entries: 131072 (order: 8, 1048576 bytes)
[    0.221258] Mount-cache hash table entries: 4096 (order: 3, 32768 bytes)
[    0.223125] Mountpoint-cache hash table entries: 4096 (order: 3, 32768 bytes)
[    0.225157] Initializing cgroup subsys io
[    0.226680] Initializing cgroup subsys memory
[    0.227906] Initializing cgroup subsys devices
[    0.229181] Initializing cgroup subsys freezer
[    0.230914] Initializing cgroup subsys net_cls
[    0.232205] Initializing cgroup subsys perf_event
[    0.233478] Initializing cgroup subsys net_prio
[    0.234745] Initializing cgroup subsys hugetlb
[    0.235902] Initializing cgroup subsys pids
[    0.238251] mce: CPU supports 0 MCE banks
[    0.239571] Last level iTLB entries: 4KB 64, 2MB 8, 4MB 8
[    0.240983] Last level dTLB entries: 4KB 64, 2MB 0, 4MB 0, 1GB 4
[    0.242368] Spectre V1 : Mitigation: usercopy/swapgs barriers and __user pointer sanitization
[    0.244779] Spectre V2 : Mitigation: Full generic retpoline
[    0.246089] Spectre V2 : Spectre v2 / SpectreRSB mitigation: Filling RSB on context switch
[    0.248107] Speculative Store Bypass: Vulnerable
[    0.249292] MDS: Mitigation: Clear CPU buffers
[    0.253077] Freeing SMP alternatives memory: 36K
[    0.260334] ftrace: allocating 32302 entries in 127 pages
[    0.320461] smpboot: APIC(0) Converting physical 0 to logical package 0
[    0.322415] smpboot: Max logical packages: 1
[    0.324096] x2apic enabled
[    0.325057] Switched APIC routing to physical x2apic.
[    0.327502] ..TIMER: vector=0x30 apic1=0 pin1=2 apic2=-1 pin2=-1
[    0.437268] smpboot: CPU0: Intel(R) Core(TM) i7-6700HQ CPU @ 2.60GHz (family: 0x6, model: 0x5e, stepping: 0x3)
[    0.440676] Performance Events: unsupported p6 CPU model 94 no PMU driver, software events only.
[    0.454233] KVM setup paravirtual spinlock
[    0.457654] x86: Booting SMP configuration:
[    0.459114] .... node  #0, CPUs:      #1
[    0.460629] kvm-clock: cpu 1, msr 0:7ffe3041, secondary cpu clock
[    0.462793] mce: CPU supports 0 MCE banks
[    0.465503] x86: Booted up 1 node, 2 CPUs
[    0.466754] smpboot: Total of 2 processors activated (10368.00 BogoMIPS)
[    0.468774] devtmpfs: initialized
[    0.471870] evm: security.selinux
[    0.473042] evm: security.SMACK64
[    0.474193] evm: security.SMACK64EXEC
[    0.475314] evm: security.SMACK64TRANSMUTE
[    0.476420] evm: security.SMACK64MMAP
[    0.477630] evm: security.ima
[    0.478840] evm: security.capability
[    0.480644] clocksource: jiffies: mask: 0xffffffff max_cycles: 0xffffffff, max_idle_ns: 7645041785100000 ns
[    0.482975] futex hash table entries: 512 (order: 3, 32768 bytes)
[    0.484720] pinctrl core: initialized pinctrl subsystem
[    0.486237] RTC time: 16:59:48, date: 02/22/20
[    0.487540] NET: Registered protocol family 16
[    0.502088] cpuidle: using governor ladder
[    0.513879] cpuidle: using governor menu
[    0.515479] PCCT header not found.
[    0.516922] ACPI: bus type PCI registered
[    0.518994] acpiphp: ACPI Hot Plug PCI Controller Driver version: 0.5
[    0.521343] PCI: Using configuration type 1 for base access
[    0.538583] ACPI: Added _OSI(Module Device)
[    0.540143] ACPI: Added _OSI(Processor Device)
[    0.541690] ACPI: Added _OSI(3.0 _SCP Extensions)
[    0.543242] ACPI: Added _OSI(Processor Aggregator Device)
[    0.546160] ACPI: Executed 1 blocks of module-level executable AML code
[    0.551687] ACPI: Interpreter enabled
[    0.552978] ACPI: (supports S0 S5)
[    0.554082] ACPI: Using IOAPIC for interrupt routing
[    0.555581] PCI: Using host bridge windows from ACPI; if necessary, use "pci=nocrs" and report a bug
[    0.562878] ACPI: PCI Root Bridge [PCI0] (domain 0000 [bus 00-ff])
[    0.564357] acpi PNP0A03:00: _OSC: OS supports [ASPM ClockPM Segments MSI]
[    0.566417] acpi PNP0A03:00: _OSC: not requesting OS control; OS requires [ExtendedConfig ASPM ClockPM MSI]
[    0.568699] acpi PNP0A03:00: fail to add MMCONFIG information, can't access extended PCI configuration space under this bridge.
[    0.572393] PCI host bridge to bus 0000:00
[    0.573493] pci_bus 0000:00: root bus resource [io  0x0000-0x0cf7 window]
[    0.575215] pci_bus 0000:00: root bus resource [io  0x0d00-0xffff window]
[    0.576886] pci_bus 0000:00: root bus resource [mem 0x000a0000-0x000bffff window]
[    0.579476] pci_bus 0000:00: root bus resource [mem 0x80000000-0xfdffffff window]
[    0.581605] pci_bus 0000:00: root bus resource [bus 00-ff]
[    0.586768] pci 0000:00:01.1: legacy IDE quirk: reg 0x10: [io  0x01f0-0x01f7]
[    0.589180] pci 0000:00:01.1: legacy IDE quirk: reg 0x14: [io  0x03f6]
[    0.591240] pci 0000:00:01.1: legacy IDE quirk: reg 0x18: [io  0x0170-0x0177]
[    0.593853] pci 0000:00:01.1: legacy IDE quirk: reg 0x1c: [io  0x0376]
[    0.634217] pci 0000:00:07.0: quirk: [io  0x4000-0x403f] claimed by PIIX4 ACPI
[    0.637064] pci 0000:00:07.0: quirk: [io  0x4100-0x410f] claimed by PIIX4 SMB
[    0.657303] ACPI: PCI Interrupt Link [LNKA] (IRQs 5 9 10 *11)
[    0.659770] ACPI: PCI Interrupt Link [LNKB] (IRQs 5 9 *10 11)
[    0.662125] ACPI: PCI Interrupt Link [LNKC] (IRQs 5 *9 10 11)
[    0.664376] ACPI: PCI Interrupt Link [LNKD] (IRQs 5 9 10 *11)
[    0.667260] ACPI: Enabled 2 GPEs in block 00 to 07
[    0.669365] vgaarb: setting as boot device: PCI:0000:00:02.0
[    0.671424] vgaarb: device added: PCI:0000:00:02.0,decodes=io+mem,owns=io+mem,locks=none
[    0.674331] vgaarb: loaded
[    0.675176] vgaarb: bridge control possible 0000:00:02.0
[    0.677161] SCSI subsystem initialized
[    0.678836] ACPI: bus type USB registered
[    0.680298] usbcore: registered new interface driver usbfs
[    0.682276] usbcore: registered new interface driver hub
[    0.683836] usbcore: registered new device driver usb
[    0.685950] PCI: Using ACPI for IRQ routing
[    0.687634] NetLabel: Initializing
[    0.688888] NetLabel:  domain hash size = 128
[    0.690342] NetLabel:  protocols = UNLABELED CIPSOv4
[    0.691886] NetLabel:  unlabeled traffic allowed by default
[    0.693720] amd_nb: Cannot enumerate AMD northbridges
[    0.695283] clocksource: Switched to clocksource kvm-clock
[    0.706571] AppArmor: AppArmor Filesystem Enabled
[    0.707871] pnp: PnP ACPI init
[    0.710286] pnp: PnP ACPI: found 3 devices
[    0.725569] clocksource: acpi_pm: mask: 0xffffff max_cycles: 0xffffff, max_idle_ns: 2085701024 ns
[    0.728587] NET: Registered protocol family 2
[    0.730148] TCP established hash table entries: 16384 (order: 5, 131072 bytes)
[    0.732960] TCP bind hash table entries: 16384 (order: 6, 262144 bytes)
[    0.734827] TCP: Hash tables configured (established 16384 bind 16384)
[    0.736818] UDP hash table entries: 1024 (order: 3, 32768 bytes)
[    0.738671] UDP-Lite hash table entries: 1024 (order: 3, 32768 bytes)
[    0.740739] NET: Registered protocol family 1
[    0.741992] pci 0000:00:00.0: Limiting direct PCI/PCI transfers
[    0.744067] pci 0000:00:01.0: Activating ISA DMA hang workarounds
[    0.745999] Unpacking initramfs...
[    1.025578] Freeing initrd memory: 14828K
[    1.026863] clocksource: tsc: mask: 0xffffffffffffffff max_cycles: 0x255cb6cc5db, max_idle_ns: 440795203504 ns
[    1.029777] platform rtc_cmos: registered platform RTC device (no PNP device found)
[    1.032110] Scanning for low memory corruption every 60 seconds
[    1.034678] audit: initializing netlink subsys (disabled)
[    1.036424] audit: type=2000 audit(1582390794.183:1): initialized
[    1.038709] Initialise system trusted keyring
[    1.043510] HugeTLB registered 2 MB page size, pre-allocated 0 pages
[    1.047326] zbud: loaded
[    1.048842] VFS: Disk quotas dquot_6.6.0
[    1.050397] VFS: Dquot-cache hash table entries: 512 (order 0, 4096 bytes)
[    1.053111] squashfs: version 4.0 (2009/01/31) Phillip Lougher
[    1.055767] fuse init (API version 7.23)
[    1.057203] Key type big_key registered
[    1.058879] Allocating IMA MOK and blacklist keyrings.
[    1.062923] Key type asymmetric registered
[    1.064450] Asymmetric key parser 'x509' registered
[    1.066147] Block layer SCSI generic (bsg) driver version 0.4 loaded (major 249)
[    1.068957] io scheduler noop registered
[    1.070809] io scheduler deadline registered (default)
[    1.072546] io scheduler cfq registered
[    1.074166] pci_hotplug: PCI Hot Plug PCI Core version: 0.5
[    1.076478] pciehp: PCI Express Hot Plug Controller Driver version: 0.4
[    1.079272] ACPI: AC Adapter [AC] (on-line)
[    1.080875] input: Power Button as /devices/LNXSYSTM:00/LNXPWRBN:00/input/input0
[    1.083460] ACPI: Power Button [PWRF]
[    1.084980] input: Sleep Button as /devices/LNXSYSTM:00/LNXSLPBN:00/input/input1
[    1.088576] ACPI: Sleep Button [SLPF]
[    1.090480] GHES: HEST is not enabled!
[    1.092740] ACPI: Battery Slot [BAT0] (battery present)
[    1.095107] Serial: 8250/16550 driver, 32 ports, IRQ sharing enabled
[    1.119465] 00:02: ttyS0 at I/O 0x3f8 (irq = 4, base_baud = 115200) is a 16550A
[    1.129056] Linux agpgart interface v0.103
[    1.135205] loop: module loaded
[    1.137191] scsi host0: ata_piix
[    1.138599] scsi host1: ata_piix
[    1.140275] ata1: PATA max UDMA/33 cmd 0x1f0 ctl 0x3f6 bmdma 0xd000 irq 14
[    1.142842] ata2: PATA max UDMA/33 cmd 0x170 ctl 0x376 bmdma 0xd008 irq 15
[    1.145227] libphy: Fixed MDIO Bus: probed
[    1.146698] tun: Universal TUN/TAP device driver, 1.6
[    1.148332] tun: (C) 1999-2004 Max Krasnyansky <maxk@qualcomm.com>
[    1.150406] PPP generic driver version 2.4.2
[    1.152136] ehci_hcd: USB 2.0 'Enhanced' Host Controller (EHCI) Driver
[    1.154582] ehci-pci: EHCI PCI platform driver
[    1.156602] ehci-platform: EHCI generic platform driver
[    1.158549] ohci_hcd: USB 1.1 'Open' Host Controller (OHCI) Driver
[    1.160785] ohci-pci: OHCI PCI platform driver
[    1.162245] ohci-platform: OHCI generic platform driver
[    1.163931] uhci_hcd: USB Universal Host Controller Interface driver
[    1.165668] i8042: PNP: PS/2 Controller [PNP0303:PS2K,PNP0f03:PS2M] at 0x60,0x64 irq 1,12
[    1.168722] serio: i8042 KBD port at 0x60,0x64 irq 1
[    1.170220] serio: i8042 AUX port at 0x60,0x64 irq 12
[    1.172330] mousedev: PS/2 mouse device common for all mice
[    1.174686] input: AT Translated Set 2 keyboard as /devices/platform/i8042/serio0/input/input2
[    1.178359] rtc_cmos rtc_cmos: rtc core: registered rtc_cmos as rtc0
[    1.180400] rtc_cmos rtc_cmos: alarms up to one day, 114 bytes nvram
[    1.182138] i2c /dev entries driver
[    1.183483] device-mapper: uevent: version 1.0.3
[    1.184918] device-mapper: ioctl: 4.34.0-ioctl (2015-10-28) initialised: dm-devel@redhat.com
[    1.187637] ledtrig-cpu: registered to indicate activity on CPUs
[    1.189791] NET: Registered protocol family 10
[    1.191510] NET: Registered protocol family 17
[    1.192971] Key type dns_resolver registered
[    1.195155] registered taskstats version 1
[    1.196627] Loading compiled-in X.509 certificates
[    1.198546] Loaded X.509 cert 'Build time autogenerated kernel key: f0e56e97f406068ace47a9bf54316e9855aaaa43'
[    1.201619] zswap: loaded using pool lzo/zbud
[    1.205677] Key type trusted registered
[    1.211237] Key type encrypted registered
[    1.212956] AppArmor: AppArmor sha1 policy hashing enabled
[    1.214556] ima: No TPM chip found, activating TPM-bypass!
[    1.216359] ima: Allocated hash algorithm: sha1
[    1.217754] evm: HMAC attrs: 0x1
[    1.219465]   Magic number: 8:767:995
[    1.220840] rtc_cmos rtc_cmos: setting system clock to 2020-02-22 16:59:49 UTC (1582390789)
[    1.223888] BIOS EDD facility v0.16 2004-Jun-25, 0 devices found
[    1.225721] EDD information not available.
[    1.300741] Freeing unused kernel memory: 1488K
[    1.302401] Write protecting the kernel read-only data: 14336k
[    1.305050] Freeing unused kernel memory: 1604K
[    1.306533] Freeing unused kernel memory: 60K
Loading, please wait...
starting version 229
[    1.322955] random: systemd-udevd: uninitialized urandom read (16 bytes read, 3 bits of entropy available)
[    1.323758] random: udevadm: uninitialized urandom read (16 bytes read, 3 bits of entropy available)
[    1.323789] random: udevadm: uninitialized urandom read (16 bytes read, 3 bits of entropy available)
[    1.331741] random: systemd-udevd: uninitialized urandom read (16 bytes read, 3 bits of entropy available)
[    1.332317] random: udevadm: uninitialized urandom read (16 bytes read, 3 bits of entropy available)
[    1.332363] random: udevadm: uninitialized urandom read (16 bytes read, 3 bits of entropy available)
[    1.332501] random: udevadm: uninitialized urandom read (16 bytes read, 3 bits of entropy available)
[    1.332550] random: udevadm: uninitialized urandom read (16 bytes read, 3 bits of entropy available)
[    1.332595] random: udevadm: uninitialized urandom read (16 bytes read, 3 bits of entropy available)
[    1.332643] random: udevadm: uninitialized urandom read (16 bytes read, 3 bits of entropy available)
[    1.385852] e1000: Intel(R) PRO/1000 Network Driver - version 7.3.21-k8-NAPI
[    1.388223] e1000: Copyright (c) 1999-2006 Intel Corporation.
[    1.394162] Fusion MPT base driver 3.04.20
[    1.395710] Copyright (c) 1999-2008 LSI Corporation
[    1.427118] AVX2 version of gcm_enc/dec engaged.
[    1.428834] AES CTR mode by8 optimization enabled
[    1.437289] Fusion MPT SPI Host driver 3.04.20
[    1.635910] input: ImExPS/2 Generic Explorer Mouse as /devices/platform/i8042/serio1/input/input4
[    2.048697] e1000 0000:00:03.0 eth0: (PCI:33MHz:32-bit) 02:dd:45:a7:5d:a0
[    2.050854] e1000 0000:00:03.0 eth0: Intel(R) PRO/1000 Network Connection
[    2.474806] e1000 0000:00:08.0 eth1: (PCI:33MHz:32-bit) 08:00:27:7b:4d:a7
[    2.476938] e1000 0000:00:08.0 eth1: Intel(R) PRO/1000 Network Connection
[    2.479708] mptbase: ioc0: Initiating bringup
[    2.480400] e1000 0000:00:08.0 enp0s8: renamed from eth1
[    2.492552] e1000 0000:00:03.0 enp0s3: renamed from eth0
[    2.555515] ioc0: LSI53C1030 A0: Capabilities={Initiator}
[    2.718566] scsi host2: ioc0: LSI53C1030 A0, FwRev=00000000h, Ports=1, MaxQ=256, IRQ=20
[    2.832149] scsi 2:0:0:0: Direct-Access     VBOX     HARDDISK         1.0  PQ: 0 ANSI: 5
[    2.835069] scsi target2:0:0: Beginning Domain Validation
[    2.838562] scsi target2:0:0: Domain Validation skipping write tests
[    2.842410] scsi target2:0:0: Ending Domain Validation
[    2.844788] scsi target2:0:0: asynchronous
[    2.846915] scsi 2:0:1:0: Direct-Access     VBOX     HARDDISK         1.0  PQ: 0 ANSI: 5
[    2.860118] scsi target2:0:1: Beginning Domain Validation
[    2.864569] scsi target2:0:1: Domain Validation skipping write tests
[    2.866530] scsi target2:0:1: Ending Domain Validation
[    2.868166] scsi target2:0:1: asynchronous
[    2.878894] sd 2:0:0:0: Attached scsi generic sg0 type 0
[    2.881137] sd 2:0:0:0: [sda] 20971520 512-byte logical blocks: (10.7 GB/10.0 GiB)
[    2.885085] sd 2:0:1:0: [sdb] 20480 512-byte logical blocks: (10.5 MB/10.0 MiB)
[    2.887553] sd 2:0:1:0: Attached scsi generic sg1 type 0
[    2.890162] sd 2:0:1:0: [sdb] Write Protect is off
[    2.891975] sd 2:0:0:0: [sda] Write Protect is off
[    2.893427] sd 2:0:1:0: [sdb] Incomplete mode parameter data
[    2.894812] sd 2:0:1:0: [sdb] Assuming drive cache: write through
[    2.896501] sd 2:0:0:0: [sda] Incomplete mode parameter data
[    2.898204] sd 2:0:0:0: [sda] Assuming drive cache: write through
[    2.901851]  sda: sda1
[    2.904038] sd 2:0:1:0: [sdb] Attached SCSI disk
[    2.905460] sd 2:0:0:0: [sda] Attached SCSI disk
Begin: Loading essential drivers ... [    4.263288] md: linear personality registered for level -1
[    4.268673] md: multipath personality registered for level -4
[    4.274087] md: raid0 personality registered for level 0
[    4.281292] md: raid1 personality registered for level 1
[    4.355827] raid6: sse2x1   gen() 10302 MB/s
[    4.423350] raid6: sse2x1   xor()  6964 MB/s
[    4.491401] raid6: sse2x2   gen()  9127 MB/s
[    4.559491] raid6: sse2x2   xor()  7153 MB/s
[    4.627346] raid6: sse2x4   gen() 10528 MB/s
[    4.695375] raid6: sse2x4   xor()  7080 MB/s
[    4.768495] raid6: avx2x1   gen() 15950 MB/s
[    4.835521] raid6: avx2x2   gen() 22957 MB/s
[    4.903515] raid6: avx2x4   gen() 26667 MB/s
[    4.904994] raid6: using algorithm avx2x4 gen() 26667 MB/s
[    4.906294] raid6: using avx2x2 recovery algorithm
[    4.909103] xor: automatically using best checksumming function:
[    4.947690]    avx       : 23651.000 MB/sec
[    4.950505] async_tx: api initialized (async)
[    4.962208] md: raid6 personality registered for level 6
[    4.964129] md: raid5 personality registered for level 5
[    4.965658] md: raid4 personality registered for level 4
[    4.973661] md: raid10 personality registered for level 10
done.
Begin: Running /scripts/init-premount ... done.
Begin: Mounting root file system ... Begin: Running /scripts/local-top ... done.
Begin: Running /scripts/local-premount ... [    5.008078] Btrfs loaded
Scanning for Btrfs filesystems
done.
Warning: fsck not present, so skipping root file system
[    5.033673] EXT4-fs (sda1): mounted filesystem with ordered data mode. Opts: (null)
done.
Begin: Running /scripts/local-bottom ... done.
Begin: Running /scripts/init-bottom ... done.
[    5.105613] systemd[1]: systemd 229 running in system mode. (+PAM +AUDIT +SELINUX +IMA +APPARMOR +SMACK +SYSVINIT +UTMP +LIBCRYPTSETUP +GCRYPT +GNUTLS +ACL +XZ -LZ4 +SECCOMP +BLKID +ELFUTILS +KMOD -IDN)
[    5.111674] systemd[1]: Detected virtualization oracle.
[    5.113158] systemd[1]: Detected architecture x86-64.

Welcome to [1mUbuntu 16.04.6 LTS[0m!

[    5.117057] systemd[1]: Set hostname to <ubuntu>.
[    5.120327] systemd[1]: Initializing machine ID from random generator.
[    5.122189] systemd[1]: Installed transient /etc/machine-id file.
[    5.232426] systemd[1]: Listening on Syslog Socket.
[[0;32m  OK  [0m] Listening on Syslog Socket.
[    5.235142] systemd[1]: Created slice System Slice.
[[0;32m  OK  [0m] Created slice System Slice.
[    5.238183] systemd[1]: Listening on udev Kernel Socket.
[[0;32m  OK  [0m] Listening on udev Kernel Socket.
[    5.241330] systemd[1]: Created slice system-serial\x2dgetty.slice.
[[0;32m  OK  [0m] Created slice system-serial\x2dgetty.slice.
[    5.244954] systemd[1]: Reached target User and Group Name Lookups.
[[0;32m  OK  [0m] Reached target User and Group Name Lookups.
[    5.249044] systemd[1]: Created slice User and Session Slice.
[[0;32m  OK  [0m] Created slice User and Session Slice.
[    5.252672] systemd[1]: Started Trigger resolvconf update for networkd DNS.
[[0;32m  OK  [0m] Started Trigger resolvconf update for networkd DNS.
[    5.256061] systemd[1]: Listening on Journal Socket.
[[0;32m  OK  [0m] Listening on Journal Socket.
[    5.271632] systemd[1]: Starting Set console keymap...
         Starting Set console keymap...
[    5.276124] systemd[1]: Starting Create list of required static device nodes for the current kernel...
         Starting Create list of required st... nodes for the current kernel...
[    5.284130] systemd[1]: Starting Load Kernel Modules...
         Starting Load Kernel Modules...
[    5.288136] systemd[1]: Mounting Debug File System...
         Mounting Debug File System...
[    5.292088] systemd[1]: Reached target System Time Synchronized.
[    5.296966] Loading iSCSI transport class v2.0-870.
[[0;32m  OK  [0m] Reached target System Time Synchronized.
[    5.301008] systemd[1]: Mounting Huge Pages File System...
         Mounting Huge Pages File System...
[    5.304574] systemd[1]: Reached target Swap.
[[0;32m  OK  [0m] Reached target Swap.
[    5.307273] systemd[1]: Listening on LVM2 poll daemon socket.
[[0;32m  OK  [0m] Listening on LVM2 poll daemon socket.
[    5.312549] systemd[1]: Set up automount Arbitrary Executable File Formats File System Automount Point.
[    5.316131] iscsi: registered transport (tcp)
[[0;32m  OK  [0m] Set up automount Arbitrary Executab...ats File System Automount Point.
[    5.322252] systemd[1]: Listening on Device-mapper event daemon FIFOs.
[[0;32m  OK  [0m] Listening on Device-mapper event daemon FIFOs.
[    5.343721] iscsi: registered transport (iser)
[    5.347831] systemd[1]: Starting Remount Root and Kernel File Systems...
         Starting Remount Root and Kernel File Systems...
[    5.353783] systemd[1]: Starting Uncomplicated firewall...
         Starting Uncomplicated firewall...
[    5.358899] systemd[1]: Listening on udev Control Socket.
[    5.358983] EXT4-fs (sda1): re-mounted. Opts: (null)
[[0;32m  OK  [0m] Listening on udev Control Socket.
[    5.364894] systemd[1]: Mounting POSIX Message Queue File System...
         Mounting POSIX Message Queue File System...
[    5.368162] systemd[1]: Started Forward Password Requests to Wall Directory Watch.
[[0;32m  OK  [0m] Started Forward Password Requests to Wall Directory Watch.
[    5.372621] systemd[1]: Listening on /dev/initctl Compatibility Named Pipe.
[[0;32m  OK  [0m] Listening on /dev/initctl Compatibility Named Pipe.
[    5.376394] systemd[1]: Reached target Slices.
[[0;32m  OK  [0m] Reached target Slices.
[    5.378850] systemd[1]: Listening on Journal Socket (/dev/log).
[[0;32m  OK  [0m] Listening on Journal Socket (/dev/log).
[    5.382860] systemd[1]: Reached target Encrypted Volumes.
[[0;32m  OK  [0m] Reached target Encrypted Volumes.
[    5.391901] systemd[1]: Listening on LVM2 metadata daemon socket.
[[0;32m  OK  [0m] Listening on LVM2 metadata daemon socket.
[    5.395177] systemd[1]: Listening on Journal Audit Socket.
[[0;32m  OK  [0m] Listening on Journal Audit Socket.
[    5.415859] systemd[1]: Starting Journal Service...
         Starting Journal Service...
[    5.419863] systemd[1]: Starting Monitoring of LVM2 mirrors, snapshots etc. using dmeventd or progress polling...
         Starting Monitoring of LVM2 mirrors... dmeventd or progress polling...
[    5.436276] systemd[1]: Starting Nameserver information manager...
         Starting Nameserver information manager...
[    5.441489] systemd[1]: Mounted POSIX Message Queue File System.
[[0;32m  OK  [0m] Mounted POSIX Message Queue File System.
[    5.445212] systemd[1]: Mounted Debug File System.
[[0;32m  OK  [0m] Mounted Debug File System.
[    5.448178] systemd[1]: Mounted Huge Pages File System.
[[0;32m  OK  [0m] Mounted Huge Pages File System.
[    5.452588] systemd[1]: Started Set console keymap.
[[0;32m  OK  [0m] Started Set console keymap.
[    5.456202] systemd[1]: Started Create list of required static device nodes for the current kernel.
[[0;32m  OK  [0m] Started Create list of required sta...ce nodes for the current kernel.
[    5.461999] systemd[1]: Started Load Kernel Modules.
[[0;32m  OK  [0m] Started Load Kernel Modules.
[    5.465686] systemd[1]: Started Remount Root and Kernel File Systems.
[[0;32m  OK  [0m] Started Remount Root and Kernel File Systems.
[    5.469868] systemd[1]: Started Uncomplicated firewall.
[[0;32m  OK  [0m] Started Uncomplicated firewall.
[    5.489581] systemd[1]: Started Journal Service.
[[0;32m  OK  [0m] Started Journal Service.
[[0;32m  OK  [0m] Started Nameserver information manager.
[[0;32m  OK  [0m] Started LVM2 metadata daemon.
         Starting Flush Journal to Persistent Storage...
         Starting udev Coldplug all Devices...
         Starting Load/Save Random Seed...
         Mounting FUSE Control File System...
         Starting Apply Kernel Variables...
         Starting Create Static Device Nodes in /dev...
[[0;32m  OK  [0m] Mounted FUSE Control File System.
[[0;32m  OK  [0m] Started Load/Save Random Seed.
[    5.541712] systemd-journald[402]: Received request to flush runtime journal from PID 1
[[0;32m  OK  [0m] Started Apply Kernel Variables.
[[0;32m  OK  [0m] Started Flush Journal to Persistent Storage.
[[0;32m  OK  [0m] Started Create Static Device Nodes in /dev.
         Starting udev Kernel Device Manager...
[[0;32m  OK  [0m] Started udev Coldplug all Devices.
[[0;32m  OK  [0m] Started udev Kernel Device Manager.
[[0;32m  OK  [0m] Started Dispatch Password Requests to Console Directory Watch.
[[0;32m  OK  [0m] Found device /dev/ttyS0.
[[0;32m  OK  [0m] Listening on Load/Save RF Kill Switch Status /dev/rfkill Watch.
[[0;32m  OK  [0m] Started Monitoring of LVM2 mirrors,...ng dmeventd or progress polling.
[[0;32m  OK  [0m] Reached target Local File Systems (Pre).
[[0;32m  OK  [0m] Reached target Local File Systems.
         Starting Set console font and keymap...
         Starting Tell Plymouth To Write Out Runtime Data...
         Starting Commit a transient machine-id on disk...
         Starting Initial cloud-init job (pre-networking)...
         Starting Create Volatile Files and Directories...
         Starting LSB: AppArmor initialization...
[[0;32m  OK  [0m] Started Tell Plymouth To Write Out Runtime Data.
[[0;32m  OK  [0m] Started Commit a transient machine-id on disk.
[[0;32m  OK  [0m] Started Create Volatile Files and Directories.
         Starting Update UTMP about System Boot/Shutdown...
[[0;32m  OK  [0m] Started Update UTMP about System Boot/Shutdown.
[[0;32m  OK  [0m] Started Set console font and keymap.
[[0;32m  OK  [0m] Created slice system-getty.slice.
[[0;32m  OK  [0m] Started LSB: AppArmor initialization.
[    7.285860] cloud-init[644]: Cloud-init v. 19.2-36-g059d049c-0ubuntu2~16.04.1 running 'init-local' at Sat, 22 Feb 2020 16:59:55 +0000. Up 6.92 seconds.
[[0;32m  OK  [0m] Started Initial cloud-init job (pre-networking).
[[0;32m  OK  [0m] Reached target Network (Pre).
         Starting Raise network interfaces...
[[0;32m  OK  [0m] Started Raise network interfaces.
         Starting Initial cloud-init job (metadata service crawler)...
[[0;32m  OK  [0m] Reached target Network.
[    8.895034] cloud-init[964]: Cloud-init v. 19.2-36-g059d049c-0ubuntu2~16.04.1 running 'init' at Sat, 22 Feb 2020 16:59:56 +0000. Up 7.87 seconds.
[    8.897309] cloud-init[964]: ci-info: ++++++++++++++++++++++++++++++++++++++Net device info+++++++++++++++++++++++++++++++++++++++
[    8.899142] cloud-init[964]: ci-info: +--------+-------+----------------------------+---------------+--------+-------------------+
[    8.901335] cloud-init[964]: ci-info: | Device |   Up  |          Address           |      Mask     | Scope  |     Hw-Address    |
[    8.903435] cloud-init[964]: ci-info: +--------+-------+----------------------------+---------------+--------+-------------------+
[    8.905744] cloud-init[964]: ci-info: | enp0s3 |  True |         10.0.2.15          | 255.255.255.0 | global | 02:dd:45:a7:5d:a0 |
[    8.908209] cloud-init[964]: ci-info: | enp0s3 |  True | fe80::dd:45ff:fea7:5da0/64 |       .       |  link  | 02:dd:45:a7:5d:a0 |
[    8.910693] cloud-init[964]: ci-info: | enp0s8 | False |             .              |       .       |   .    | 08:00:27:7b:4d:a7 |
[    8.913692] cloud-init[964]: ci-info: |   lo   |  True |         127.0.0.1          |   255.0.0.0   |  host  |         .         |
[    8.916569] cloud-init[964]: ci-info: |   lo   |  True |          ::1/128           |       .       |  host  |         .         |
[    8.924918] cloud-init[964]: ci-info: +--------+-------+----------------------------+---------------+--------+-------------------+
[    8.926811] cloud-init[964]: ci-info: +++++++++++++++++++++++++++Route IPv4 info++++++++++++++++++++++++++++
[    8.937005] cloud-init[964]: ci-info: +-------+-------------+----------+---------------+-----------+-------+
[    8.945079] cloud-init[964]: ci-info: | Route | Destination | Gateway  |    Genmask    | Interface | Flags |
[    8.946900] cloud-init[964]: ci-info: +-------+-------------+----------+---------------+-----------+-------+
[    8.956632] cloud-init[964]: ci-info: |   0   |   0.0.0.0   | 10.0.2.2 |    0.0.0.0    |   enp0s3  |   UG  |
[    8.958293] cloud-init[964]: ci-info: |   1   |   10.0.2.0  | 0.0.0.0  | 255.255.255.0 |   enp0s3  |   U   |
[    8.964614] cloud-init[964]: ci-info: +-------+-------------+----------+---------------+-----------+-------+
[    8.966500] cloud-init[964]: ci-info: +++++++++++++++++++Route IPv6 info+++++++++++++++++++
[    8.968333] cloud-init[964]: ci-info: +-------+-------------+---------+-----------+-------+
[    8.976456] cloud-init[964]: ci-info: | Route | Destination | Gateway | Interface | Flags |
[    8.976726] cloud-init[964]: ci-info: +-------+-------------+---------+-----------+-------+
[[0;32m  OK  [0m] Started Initial cloud-init job (metadata service crawler).
[    8.976928] cloud-init[964]: ci-info: |   0   |  fe80::/64  |    ::   |   enp0s3  |   U   |
[    8.992986] cloud-init[964]: ci-info: |   3   |   ff00::/8  |    ::   |   enp0s3  |   U   |
[    8.993315] cloud-init[964]: ci-info: +-------+-------------+---------+-----------+-------+
[[0;32m  OK  [0m] Reached target Network is Online.
[    8.993386] cloud-init[964]: Generating public/private rsa key pair.
[    8.997282] cloud-init[964]: Your identification has been saved in /etc/ssh/ssh_host_rsa_key.
[    8.998737] cloud-init[964]: Your public key has been saved in /etc/ssh/ssh_host_rsa_key.pub.
[    9.000282] cloud-init[964]: The key fingerprint is:
[    9.001278] cloud-init[964]: SHA256:YQJp2IJskpVWfxNND7aJTGGgRu4fNG9ypuj/MHjw3Q4 root@ubuntu-xenial
[    9.002858] cloud-init[964]: The key's randomart image is:
[    9.008313] cloud-init[964]: +---[RSA 2048]----+
[    9.009286] cloud-init[964]: |.+.=+...=++      |
[    9.010041] cloud-init[964]: |+o=o++ + +.=     |
[    9.011011] cloud-init[964]: |o. o+ = B o .    |
[    9.016274] cloud-init[964]: |   o . * o       |
[    9.016516] cloud-init[964]: |    o o S        |
         Starting iSCSI initiator daemon (iscsid)...
[[    9.016675] [0;32m  OK  [0mcloud-init] [964]: Reached target Cloud-config availability.|     * O .       |

[    9.026190] cloud-init[964]: |    o B E .      |
[    9.026503] cloud-init[964]: |   . . o o       |
[[0;32m  OK  [0m] Reached target System Initialization.
[    9.026557] cloud-init[964]: |    ..... .      |
[    9.030407] cloud-init[964]: +----[SHA256]-----+
[    9.030853] cloud-init[964]: Generating public/private dsa key pair.
[[0;32m  OK  [0m] Started Message of the Day.
[    9.030961] cloud-init[964]: Your identification has been saved in /etc/ssh/ssh_host_dsa_key.
[    9.048449] cloud-init[964]: Your public key has been saved in /etc/ssh/ssh_host_dsa_key.pub.
[    9.048814] cloud-init[964]: The key fingerprint is:
         Starting LXD - unix socket.
[[    9.049168] [0;32m  OK  [0mcloud-init] [964]: Listening on ACPID Listen Socket.SHA256:MahCNkTWnu1aO8AyUIedjkrJW7ZrbJ1FE8cUHjNC6M4 root@ubuntu-xenial

[    9.064526] cloud-init[964]: The key's randomart image is:
[    9.064764] cloud-init[964]: +---[DSA 1024]----+
         Starting Socket activation for snappy daemon.
[[    9.064846] [0;32m  OK  [0mcloud-init] [964]: Listening on UUID daemon activation socket.| .++ .ooo*.      |

[    9.074070] cloud-init[964]: | oo =. ooo+      |
[    9.074393] cloud-init[964]: |..==.o. =.       |
[    9.075350] cloud-init[964]: |.*.++o.o o       |
[    9.076150] cloud-init[964]: |.o=.=.. S        |
[    9.076293] cloud-init[964]: |..oooEo.         |
[    9.076331] cloud-init[964]: |  .oo+o.         |
[    9.076368] cloud-init[964]: |   =.oo          |
[[0;32m  OK  [0m] Listening on D-Bus System Message Bus Socket.
[    9.076708] cloud-init[964]: |  o    .         |
[[0;32m  OK  [0m] Started ACPI Events Check.
[    9.092159] cloud-init[964]: +----[SHA256]-----+
[    9.094346] cloud-init[964]: Generating public/private ecdsa key pair.
[    9.094642] cloud-init[964]: Your identification has been saved in /etc/ssh/ssh_host_ecdsa_key.
[[0;32m  OK  [0m] Reached target Paths.
[[    9.094748] [0;32m  OK  [0mcloud-init] [964]: Started Daily apt download activities.Your public key has been saved in /etc/ssh/ssh_host_ecdsa_key.pub.

[    9.112914] cloud-init[964]: The key fingerprint is:
[    9.113178] cloud-init[964]: SHA256:tq4aQ9v3cg6QTUxiyyAQ8JO3UuG4Z3ItZg9sQKsf5T4 root@ubuntu-xenial
[    9.113354] cloud-init[964]: The key's randomart image is:
[[0;32m  OK  [0m] Started Daily apt upgrade and clean activities.
[[    9.113437] cloud-init[964]: +---[ECDSA 256]---+
[    9.117030] cloud-init[964]: |=oo o o .        |
[    9.117759] cloud-init[964]: | o * = =         |
[    9.118481] cloud-init[964]: |  B = o o        |
[    9.119232] cloud-init[964]: | . X o +         |
[0;32m  OK  [0m] Started Daily Cleanup of Temporary Directories.
[[    9.119973] [0;32m  OK  [0mcloud-init] [964]: Reached target Timers.|. = # + S        |

[    9.125638] cloud-init[964]: | . & * o .       |
[    9.126718] cloud-init[964]: |  . E o +        |
[    9.127780] cloud-init[964]: |     + o.o.      |
[[0;32m  OK  [0m] Listening on LXD - unix socket.
[[0;32m  OK  [0m] Listening on Socket activation for snappy daemon.
[    9.137266] cloud-init[964]: |    .....+o      |
[[0;32m  OK  [0m] Started iSCSI initiator daemon (iscsid).
[    9.142635] cloud-init[964]: +----[SHA256]-----+
[    9.143106] cloud-init[964]: Generating public/private ed25519 key pair.
         Starting Login to default iSCSI targets...
[[    9.143253] cloud-init[964]: Your identification has been saved in /etc/ssh/ssh_host_ed25519_key.
[    9.144757] cloud-init[964]: Your public key has been saved in /etc/ssh/ssh_host_ed25519_key.pub.
[0;32m  OK  [0m] Reached target Sockets.
[[    9.144905] cloud-init[964]: The key fingerprint is:
[0;32m  OK  [0m] Reached target Basic System.
[    9.147377] cloud-init[964]: SHA256:6pI+nnYiPJZl1SC5FRRklELz1diV0KovMFElejWUX0g root@ubuntu-xenial
         Starting LSB: Record successful boot for GRUB...
[    9.152428] cloud-init[964]: The key's randomart image is:
[    9.154709] cloud-init[964]: +--[ED25519 256]--+
         Starting Virtualbox guest utils...
[    9.163856] cloud-init[964]: |   .o=B+o***Eo   |
[    9.165843] cloud-init[964]: |    +++ooo+.+ .  |
         Starting Pollinate to seed the pseudo random number generator...
         Starting Accounts Service...
[    9.183456] cloud-init[964]: |     =o+.  o .   |
[[0;32m  OK  [0m] Started ACPI event daemon.
         Starting System Logging Service...
[[0;32m  OK  [0m] Started Regular background program processing daemon.
         Starting LSB: MD monitoring daemon...
[[0;32m  OK  [0m] Started Deferred execution scheduler.
         Starting /etc/rc.local Compatibility...
[    9.192640] cloud-init[964]: |    . o.. . .    |
         Starting Snappy daemon...
[[0;32m  OK  [0m] Started D-Bus System Message Bus.
[    9.212932] cloud-init[964]: |     . .S.       |
[    9.218726] cloud-init[964]: |    o o..        |
[    9.219797] cloud-init[964]: | . + ..o .       |
[    9.221087] cloud-init[964]: |  * *o. . .      |
[    9.222468] cloud-init[964]: | . *+=.  .       |
[    9.224350] cloud-init[964]: +----[SHA256]-----+
[[0;32m  OK  [0m] Started FUSE filesystem for LXC.
         Starting Login Service...
         Starting LXD - container startup/shutdown...
[[0;32m  OK  [0m] Started System Logging Service.
[[0;32m  OK  [0m] Started /etc/rc.local Compatibility.
         Starting Authenticate and Authorize Users to Run Privileged Tasks...
[[0;32m  OK  [0m] Started Login Service.
[[0;32m  OK  [0m] Started Unattended Upgrades Shutdown.
[[0;32m  OK  [0m] Started Login to default iSCSI targets.
[[0;32m  OK  [0m] Reached target Remote File Systems (Pre).
[[0;32m  OK  [0m] Reached target Remote File Systems.
         Starting LSB: automatic crash report generation...
         Starting LSB: daemon to balance interrupts for SMP systems...
         Starting LSB: Set the CPU Frequency Scaling governor to "ondemand"...
         Starting Permit User Sessions...
[[0;32m  OK  [0m] Started Permit User Sessions.
         Starting Terminate Plymouth Boot Screen...
         Starting Hold until boot process finishes up...
[[0;32m  OK  [0m] Started Hold until boot process finishes up.
         Starting Set console scheme...
[[0;32m  OK  [0m] Started Getty on tty1.
[[0;32m  OK  [0m] Started Serial Getty on ttyS0.
[[0;32m  OK  [0m] Reached target Login Prompts.
[[0;32m  OK  [0m] Started LSB: Record successful boot for GRUB.
[[0;32m  OK  [0m] Started LSB: MD monitoring daemon.
[[0;32m  OK  [0m] Started Terminate Plymouth Boot Screen.
[[0;32m  OK  [0m] Started Set console scheme.
[[0;32m  OK  [0m] Started Authenticate and Authorize Users to Run Privileged Tasks.
[[0;32m  OK  [0m] Started Accounts Service.
[[0;32m  OK  [0m] Started LXD - container startup/shutdown.
[[0;32m  OK  [0m] Started LSB: Set the CPU Frequency Scaling governor to "ondemand".
[[0;32m  OK  [0m] Started LSB: automatic crash report generation.
[[0;32m  OK  [0m] Started LSB: daemon to balance interrupts for SMP systems.
[[0;32m  OK  [0m] Started Virtualbox guest utils.
[[0;32m  OK  [0m] Started Snappy daemon.
         Starting Wait until snapd is fully seeded...
[[0;32m  OK  [0m] Started Pollinate to seed the pseudo random number generator.
         Starting OpenBSD Secure Shell server...
[[0;32m  OK  [0m] Started OpenBSD Secure Shell server.
[[0;32m  OK  [0m] Created slice User Slice of vagrant.
         Starting User Manager for UID 1000...
[[0;32m  OK  [0m] Started Session 1 of user vagrant.
[[0;32m  OK  [0m] Started User Manager for UID 1000.
[[0;32m  OK  [0m] Started Wait until snapd is fully seeded.
         Starting Apply the settings specified in cloud-config...
[[0;32m  OK  [0m] Reached target Multi-User System.
[[0;32m  OK  [0m] Reached target Graphical Interface.
         Starting Update UTMP about System Runlevel Changes...
[[0;32m  OK  [0m] Started Update UTMP about System Runlevel Changes.
[   14.255799] cloud-init[1483]: Generating locales (this might take a while)...
[[0;32m  OK  [0m] Started Session 2 of user vagrant.
[   15.174696] cloud-init[1483]:   en_US.UTF-8... done
[   15.175860] cloud-init[1483]: Generation complete.

Ubuntu 16.04.6 LTS ubuntu-xenial ttyS0

ubuntu-xenial login: [   15.494499] cloud-init[1483]: Cloud-init v. 19.2-36-g059d049c-0ubuntu2~16.04.1 running 'modules:config' at Sat, 22 Feb 2020 17:00:02 +0000. Up 14.10 seconds.
ci-info: no authorized ssh keys fingerprints found for user ubuntu.
<14>Feb 22 17:00:04 ec2: 
<14>Feb 22 17:00:04 ec2: #############################################################
<14>Feb 22 17:00:04 ec2: -----BEGIN SSH HOST KEY FINGERPRINTS-----
<14>Feb 22 17:00:04 ec2: 1024 SHA256:MahCNkTWnu1aO8AyUIedjkrJW7ZrbJ1FE8cUHjNC6M4 root@ubuntu-xenial (DSA)
<14>Feb 22 17:00:04 ec2: 256 SHA256:tq4aQ9v3cg6QTUxiyyAQ8JO3UuG4Z3ItZg9sQKsf5T4 root@ubuntu-xenial (ECDSA)
<14>Feb 22 17:00:04 ec2: 256 SHA256:6pI+nnYiPJZl1SC5FRRklELz1diV0KovMFElejWUX0g root@ubuntu-xenial (ED25519)
<14>Feb 22 17:00:04 ec2: 2048 SHA256:YQJp2IJskpVWfxNND7aJTGGgRu4fNG9ypuj/MHjw3Q4 root@ubuntu-xenial (RSA)
<14>Feb 22 17:00:04 ec2: -----END SSH HOST KEY FINGERPRINTS-----
<14>Feb 22 17:00:04 ec2: #############################################################
-----BEGIN SSH HOST KEY KEYS-----
ecdsa-sha2-nistp256 AAAAE2VjZHNhLXNoYTItbmlzdHAyNTYAAAAIbmlzdHAyNTYAAABBBO4+ll9Jc4JiF8JZiMFTDsmK4DRm8WZsZRbddDdWPDYB47qwV2DlAVy6LdYnXoFFjtX8DVLNOpF67ZvtqtwshP4= root@ubuntu-xenial
ssh-ed25519 AAAAC3NzaC1lZDI1NTE5AAAAIM4WgsQaI7hWTuV7saf3hmbfhblg5nxErTAd0LsYKbSe root@ubuntu-xenial
ssh-rsa AAAAB3NzaC1yc2EAAAADAQABAAABAQCc08kuFTAQb6jz8RDxgpPYfozPccqN2xHI5mj4HKWyiYSDsqGNlE85Xx30c9EEYg+hrHGX35Ceq7aowS7y7Bu7DwxlmOcyo5WH6IKp5PRrl8QGEMBww7IAhvRiIydJ6Z6edqHQ+rHuW2LlKizms+zbKRb7NL1uuTvCbd7/YF5iZeR4X8RHYg6uQstdNlRtIJe5Dsq71Dpz2y1KmBVp6jYZipnFrZgclHY+GKhgiTMz8m40s3JoLyBqBGdyCmgv8vpAxS/1jy9u/gfM7I+b251OwQcfwhvfsy69t6An+eW4bwtGXAMYn0jsZqm946hsR0xEBnjdrZ6exjvd+cqrcULF root@ubuntu-xenial
-----END SSH HOST KEY KEYS-----
[   16.123881] cloud-init[1642]: Cloud-init v. 19.2-36-g059d049c-0ubuntu2~16.04.1 running 'modules:final' at Sat, 22 Feb 2020 17:00:04 +0000. Up 15.95 seconds.
[   16.126795] cloud-init[1642]: ci-info: no authorized ssh keys fingerprints found for user ubuntu.
[   16.128803] cloud-init[1642]: Cloud-init v. 19.2-36-g059d049c-0ubuntu2~16.04.1 finished at Sat, 22 Feb 2020 17:00:04 +0000. Datasource DataSourceNoCloud [seed=/dev/sdb][dsmode=net].  Up 16.11 seconds
[ 1013.924059] Out of memory: Kill process 29143 (bundle) score 264 or sacrifice child
[ 1013.934638] Killed process 29832 (bundle) total-vm:989312kB, anon-rss:533608kB, file-rss:1144kB
